<?xml version="1.0" encoding="UTF-8"?>
<!-- Generated by org.testng.reporters.JUnitReportReporter -->
<testsuite hostname="User1-PK" failures="0" tests="1" name="FirstTest" time="8.013" errors="0" timestamp="2020-04-25T15:19:53 EEST" skipped="0">
  <testcase classname="FirstTest" name="firstTest" time="8.013"/>
  <system-out/>
</testsuite> <!-- FirstTest -->
