<?xml version="1.0" encoding="UTF-8"?>
<!-- Generated by org.testng.reporters.JUnitReportReporter -->
<testsuite hostname="User1-PK" failures="0" tests="4" name="FirstTest" time="11.925" errors="0" timestamp="2020-05-17T19:22:02 EEST" skipped="0">
  <testcase classname="FirstTest" name="unFollowTest" time="2.345"/>
  <system-out/>
  <testcase classname="FirstTest" name="loginTest" time="4.803"/>
  <system-out/>
  <testcase classname="FirstTest" name="linkTest" time="2.616"/>
  <system-out/>
  <testcase classname="FirstTest" name="followTest" time="2.161"/>
  <system-out/>
</testsuite> <!-- FirstTest -->
