<?xml version="1.0" encoding="UTF-8"?>
<!-- Generated by org.testng.reporters.JUnitReportReporter -->
<testsuite hostname="User1-PK" failures="0" tests="1" name="FirstTest" time="0.004" errors="0" timestamp="2020-05-17T14:08:23 EEST" skipped="0">
  <testcase classname="FirstTest" name="linkTest" time="0.004"/>
  <system-out/>
</testsuite> <!-- FirstTest -->
