<?xml version="1.0" encoding="UTF-8"?>
<!-- Generated by org.testng.reporters.JUnitReportReporter -->
<testsuite hostname="User1-PK" failures="0" tests="1" name="FirstTest" time="47.085" errors="0" timestamp="2020-04-25T21:42:54 EEST" skipped="0">
  <testcase classname="FirstTest" name="firstTest" time="47.085"/>
  <system-out/>
</testsuite> <!-- FirstTest -->
